The target system is: Linux -  - arm
The host system is: Linux - 6.8.0-124-generic - x86_64
Checking whether the ASM compiler is GNU using "--version" matched "(GNU assembler)|(GCC)|(Free Software Foundation)":
arm-linux-gcc.br_real (Molchip 2022.02-git) 10.3.1
Copyright (C) 2020 Free Software Foundation, Inc.
This is free software; see the source for copying conditions.  There is NO
warranty; not even for MERCHANTABILITY or FITNESS FOR A PARTICULAR PURPOSE.

Compiling the C compiler identification source file "CMakeCCompilerId.c" succeeded.
Compiler: /home/luoxin/work/X-AIOS-ESL/tools/toolchain/arm-molv2-linux-uclibcgnueabi/bin/arm-linux-gcc 
Build flags: -std=gnu99
Id flags:  

The output was:
0


Compilation of the C compiler identification source "CMakeCCompilerId.c" produced "a.out"

The C compiler identification is GNU, found in "/home/luoxin/work/X-AIOS-ESL/output/CMakeFiles/3.22.1/CompilerIdC/a.out"

Compiling the CXX compiler identification source file "CMakeCXXCompilerId.cpp" succeeded.
Compiler: /home/luoxin/work/X-AIOS-ESL/tools/toolchain/arm-molv2-linux-uclibcgnueabi/bin/arm-linux-g++ 
Build flags: 
Id flags:  

The output was:
0


Compilation of the CXX compiler identification source "CMakeCXXCompilerId.cpp" produced "a.out"

The CXX compiler identification is GNU, found in "/home/luoxin/work/X-AIOS-ESL/output/CMakeFiles/3.22.1/CompilerIdCXX/a.out"

